<?xml version="1.0" encoding="UTF-8"?>
<testng-results ignored="0" total="3" passed="3" failed="0" skipped="0">
  <reporter-output>
  </reporter-output>
  <suite started-at="2024-10-03T16:35:27 IST" name="Default suite" finished-at="2024-10-03T16:37:04 IST" duration-ms="96554">
    <groups>
      <group name="cucumber">
        <method signature="AbstractTestNGCucumberTests.runScenario(io.cucumber.testng.PickleWrapper,io.cucumber.testng.FeatureWrapper)[pri:0, instance:stepdefination.RunnerTest@2d52216b]" name="runScenario" class="io.cucumber.testng.AbstractTestNGCucumberTests"/>
      </group> <!-- cucumber -->
    </groups>
    <test started-at="2024-10-03T16:35:27 IST" name="Default test" finished-at="2024-10-03T16:37:04 IST" duration-ms="96554">
      <class name="stepdefination.RunnerTest">
        <test-method is-config="true" signature="setUpClass()[pri:0, instance:stepdefination.RunnerTest@2d52216b]" started-at="2024-10-03T16:35:27 IST" name="setUpClass" finished-at="2024-10-03T16:35:28 IST" duration-ms="519" status="PASS">
          <reporter-output>
          </reporter-output>
        </test-method> <!-- setUpClass -->
        <test-method signature="runScenario(io.cucumber.testng.PickleWrapper,io.cucumber.testng.FeatureWrapper)[pri:0, instance:stepdefination.RunnerTest@2d52216b]" started-at="2024-10-03T16:35:28 IST" name="runScenario" description="Runs Cucumber Scenarios" data-provider="scenarios" finished-at="2024-10-03T16:36:07 IST" duration-ms="39031" status="PASS">
          <params>
            <param index="0">
              <value>
                <![CDATA["Verify user is on the Wishlist page"]]>
              </value>
            </param>
            <param index="1">
              <value>
                <![CDATA["Optional[My Wishlist Functionality on wishList Page]"]]>
              </value>
            </param>
          </params>
          <reporter-output>
          </reporter-output>
        </test-method> <!-- runScenario -->
        <test-method signature="runScenario(io.cucumber.testng.PickleWrapper,io.cucumber.testng.FeatureWrapper)[pri:0, instance:stepdefination.RunnerTest@2d52216b]" started-at="2024-10-03T16:36:07 IST" name="runScenario" description="Runs Cucumber Scenarios" data-provider="scenarios" finished-at="2024-10-03T16:36:36 IST" duration-ms="28723" status="PASS">
          <params>
            <param index="0">
              <value>
                <![CDATA["User scrolls to the 7th card and clicks it"]]>
              </value>
            </param>
            <param index="1">
              <value>
                <![CDATA["Optional[BooksWagon Home page  Functionality]"]]>
              </value>
            </param>
          </params>
          <reporter-output>
          </reporter-output>
        </test-method> <!-- runScenario -->
        <test-method signature="runScenario(io.cucumber.testng.PickleWrapper,io.cucumber.testng.FeatureWrapper)[pri:0, instance:stepdefination.RunnerTest@2d52216b]" started-at="2024-10-03T16:36:36 IST" name="runScenario" description="Runs Cucumber Scenarios" data-provider="scenarios" finished-at="2024-10-03T16:37:04 IST" duration-ms="28180" status="PASS">
          <params>
            <param index="0">
              <value>
                <![CDATA["User checks if the wishlist icon is clickable"]]>
              </value>
            </param>
            <param index="1">
              <value>
                <![CDATA["Optional[BooksWagon Home page  Functionality]"]]>
              </value>
            </param>
          </params>
          <reporter-output>
          </reporter-output>
        </test-method> <!-- runScenario -->
        <test-method is-config="true" signature="tearDownClass()[pri:0, instance:stepdefination.RunnerTest@2d52216b]" started-at="2024-10-03T16:37:04 IST" name="tearDownClass" finished-at="2024-10-03T16:37:04 IST" duration-ms="43" status="PASS">
          <reporter-output>
          </reporter-output>
        </test-method> <!-- tearDownClass -->
      </class> <!-- stepdefination.RunnerTest -->
    </test> <!-- Default test -->
  </suite> <!-- Default suite -->
</testng-results>
